[debug] [2022-12-18T19:20:42.248Z] ----------------------------------------------------------------------
[debug] [2022-12-18T19:20:42.249Z] Command:       /home/lucas/.nvm/versions/node/v16.18.0/bin/node /home/lucas/.nvm/versions/node/v16.18.0/bin/firebase deploy
[debug] [2022-12-18T19:20:42.249Z] CLI Version:   11.18.0
[debug] [2022-12-18T19:20:42.249Z] Platform:      linux
[debug] [2022-12-18T19:20:42.249Z] Node Version:  v16.18.0
[debug] [2022-12-18T19:20:42.250Z] Time:          Sun Dec 18 2022 16:20:42 GMT-0300 (Brasilia Standard Time)
[debug] [2022-12-18T19:20:42.250Z] ----------------------------------------------------------------------
[debug] 
[debug] [2022-12-18T19:20:42.306Z] > command requires scopes: ["email","openid","https://www.googleapis.com/auth/cloudplatformprojects.readonly","https://www.googleapis.com/auth/firebase","https://www.googleapis.com/auth/cloud-platform"]
[debug] [2022-12-18T19:20:42.306Z] > authorizing via signed-in user (lucazwebmail@gmail.com)
[debug] [2022-12-18T19:20:42.307Z] [iam] checking project strategfy-mfe2 for permissions ["firebase.projects.get","firebasehosting.sites.update"]
[debug] [2022-12-18T19:20:42.308Z] >>> [apiv2][query] POST https://cloudresourcemanager.googleapis.com/v1/projects/strategfy-mfe2:testIamPermissions [none]
[debug] [2022-12-18T19:20:42.308Z] >>> [apiv2][(partial)header] POST https://cloudresourcemanager.googleapis.com/v1/projects/strategfy-mfe2:testIamPermissions x-goog-quota-user=projects/strategfy-mfe2
[debug] [2022-12-18T19:20:42.309Z] >>> [apiv2][body] POST https://cloudresourcemanager.googleapis.com/v1/projects/strategfy-mfe2:testIamPermissions {"permissions":["firebase.projects.get","firebasehosting.sites.update"]}
[debug] [2022-12-18T19:20:43.467Z] <<< [apiv2][status] POST https://cloudresourcemanager.googleapis.com/v1/projects/strategfy-mfe2:testIamPermissions 200
[debug] [2022-12-18T19:20:43.467Z] <<< [apiv2][body] POST https://cloudresourcemanager.googleapis.com/v1/projects/strategfy-mfe2:testIamPermissions {}
[debug] [2022-12-18T19:20:43.468Z] [iam] error while checking permissions, command may fail: FirebaseError: Authorization failed. This account is missing the following required permissions on project strategfy-mfe2:

  firebase.projects.get
  firebasehosting.sites.update
[debug] [2022-12-18T19:20:43.470Z] >>> [apiv2][query] GET https://firebase.googleapis.com/v1beta1/projects/strategfy-mfe2 [none]
[debug] [2022-12-18T19:20:44.165Z] <<< [apiv2][status] GET https://firebase.googleapis.com/v1beta1/projects/strategfy-mfe2 403
[debug] [2022-12-18T19:20:44.165Z] <<< [apiv2][body] GET https://firebase.googleapis.com/v1beta1/projects/strategfy-mfe2 {"error":{"code":403,"message":"The caller does not have permission","status":"PERMISSION_DENIED"}}
[debug] [2022-12-18T19:20:44.166Z] HTTP Error: 403, The caller does not have permission
[debug] [2022-12-18T19:20:44.472Z] FirebaseError: HTTP Error: 403, The caller does not have permission
    at responseToError (/home/lucas/.nvm/versions/node/v16.18.0/lib/node_modules/firebase-tools/lib/responseToError.js:49:12)
    at RetryOperation._fn (/home/lucas/.nvm/versions/node/v16.18.0/lib/node_modules/firebase-tools/lib/apiv2.js:288:77)
    at processTicksAndRejections (node:internal/process/task_queues:96:5)
[error] 
[error] Error: Failed to get Firebase project strategfy-mfe2. Please make sure the project exists and your account has permission to access it.
